<?xml version="1.0" encoding="UTF-8"?>
<!-- Generated by org.testng.reporters.JUnitReportReporter -->
<testsuite skipped="0" hostname="HICHEL69569" name="com.mav.testcases.TestClassTwo" tests="1" failures="0" timestamp="20 Dec 2018 08:31:11 GMT" time="0.000" errors="0">
  <testcase name="methodOne" time="0.000" classname="com.mav.testcases.TestClassTwo"/>
</testsuite> <!-- com.mav.testcases.TestClassTwo -->
