<?xml version="1.0" encoding="UTF-8"?>
<!-- Generated by org.testng.reporters.JUnitReportReporter -->
<testsuite skipped="0" hostname="HICHEL69569" name="com.mav.testcases.TestClassOne" tests="1" failures="0" timestamp="20 Dec 2018 08:31:11 GMT" time="36.260" errors="0">
  <testcase name="methodOne" time="36.260" classname="com.mav.testcases.TestClassOne"/>
</testsuite> <!-- com.mav.testcases.TestClassOne -->
